2025-03-10 06:56:35,436 - vpnmon.core - INFO - Found 2 peers for email delete
2025-03-10 06:56:35,436 - vpnmon.core - INFO - Attempting to remove peer O0aWoz9Pp1/F+lsmQ2dbJ7c27ixshqQcpcnHOw6BUV4=
2025-03-10 06:56:35,437 - vpnmon.wireguard - INFO - Attempting to remove a WireGuard peer: O0aWoz9Pp1/F+lsmQ2dbJ7c27ixshqQcpcnHOw6BUV4=
2025-03-10 06:56:35,462 - vpnmon.wireguard - INFO - Peer removed from a wg0 interface successfully
2025-03-10 06:56:35,484 - vpnmon.wireguard - INFO - Config found
2025-03-10 06:56:35,484 - vpnmon.wireguard - INFO - Attempt on backup creation
2025-03-10 06:56:35,499 - vpnmon.wireguard - INFO - wg0 backup created successfully
2025-03-10 06:56:35,500 - vpnmon.wireguard - INFO - Parsing .conf for a peer
2025-03-10 06:56:35,514 - vpnmon.wireguard - INFO - Writing modified configuration to /etc/wireguard/wg0.conf
2025-03-10 06:56:35,529 - vpnmon.wireguard - INFO - Successfully removed peer from /etc/wireguard/wg0.conf
2025-03-10 06:56:35,529 - vpnmon.wireguard - INFO - Successfully removed peer O0aWoz9Pp1/F+lsmQ2dbJ7c27ixshqQcpcnHOw6BUV4=
2025-03-10 06:56:35,530 - vpnmon.database - INFO - Beginning transaction for deletion of O0aWoz9Pp1/F+lsmQ2dbJ7c27ixshqQcpcnHOw6BUV4= from the database
2025-03-10 06:56:35,532 - vpnmon.database - INFO - Successfully removed the entry from the database
2025-03-10 06:56:35,532 - vpnmon.core - INFO - Successfully removed peer O0aWoz9Pp1/F+lsmQ2dbJ7c27ixshqQcpcnHOw6BUV4=
2025-03-10 06:56:35,533 - vpnmon.core - INFO - Attempting to remove peer GK34jpdnLWrgRnvVDRBXLoDJ5hIhOUma+cpZX1SZTTA=
2025-03-10 06:56:35,533 - vpnmon.wireguard - INFO - Attempting to remove a WireGuard peer: GK34jpdnLWrgRnvVDRBXLoDJ5hIhOUma+cpZX1SZTTA=
2025-03-10 06:56:35,548 - vpnmon.wireguard - INFO - Peer removed from a wg0 interface successfully
2025-03-10 06:56:35,562 - vpnmon.wireguard - INFO - Config found
2025-03-10 06:56:35,562 - vpnmon.wireguard - INFO - Attempt on backup creation
2025-03-10 06:56:35,580 - vpnmon.wireguard - INFO - wg0 backup created successfully
2025-03-10 06:56:35,580 - vpnmon.wireguard - INFO - Parsing .conf for a peer
2025-03-10 06:56:35,593 - vpnmon.wireguard - INFO - Writing modified configuration to /etc/wireguard/wg0.conf
2025-03-10 06:56:35,606 - vpnmon.wireguard - INFO - Successfully removed peer from /etc/wireguard/wg0.conf
2025-03-10 06:56:35,607 - vpnmon.wireguard - INFO - Successfully removed peer GK34jpdnLWrgRnvVDRBXLoDJ5hIhOUma+cpZX1SZTTA=
2025-03-10 06:56:35,608 - vpnmon.database - INFO - Beginning transaction for deletion of GK34jpdnLWrgRnvVDRBXLoDJ5hIhOUma+cpZX1SZTTA= from the database
2025-03-10 06:56:35,610 - vpnmon.database - INFO - Successfully removed the entry from the database
2025-03-10 06:56:35,611 - vpnmon.core - INFO - Successfully removed peer GK34jpdnLWrgRnvVDRBXLoDJ5hIhOUma+cpZX1SZTTA=
2025-03-10 06:56:35,611 - vpnmon.core - INFO - Deleted 2 of 2 peers for delete
2025-03-10 09:40:59,274 - vpnmon.database - INFO - Updating existing peer: lXUDRquS3i//KF/LLHlTT/qIjdqLF9txdMiZUDkLgAw=
2025-03-10 09:43:04,057 - vpnmon.database - INFO - Updating existing peer: f9o5xNSBsusc1No/V49Jd33WY3ieJKcB3ZCTt3FYXW4=
2025-03-10 09:44:19,386 - vpnmon.wireguard - ERROR - Error finding next IP
Traceback (most recent call last):
  File "/opt/vpn-monitor/vpnmon/wireguard.py", line 104, in get_next_ip
    with open(config_file, 'r') as f:
         ^^^^^^^^^^^^^^^^^^^^^^
PermissionError: [Errno 13] Permission denied: '/etc/wireguard/wg0.conf'
2025-03-10 09:44:19,390 - vpnmon.wireguard - INFO - Attempting to set WireGuard peer: WW6JmvuKrVjRlznUooa38CGhHIXXQ1FwcGthA8bg+jI= with allowed IPs: 10.0.0.2/32
2025-03-10 09:44:19,410 - vpnmon.wireguard - INFO - Attempting to update config file: /etc/wireguard/wg0.conf
2025-03-10 09:44:19,428 - vpnmon.wireguard - INFO - Peer added successfully
2025-03-10 09:44:19,435 - vpnmon.wireguard - ERROR - Error getting server public key
Traceback (most recent call last):
  File "/opt/vpn-monitor/vpnmon/wireguard.py", line 139, in get_server_public_key
    output = subprocess.check_output(["wg", "show", self.interface, "public-key"], text=True)
             ^^^^^^^^^^^^^^^^^^^^^^^^^^^^^^^^^^^^^^^^^^^^^^^^^^^^^^^^^^^^^^^^^^^^^^^^^^^^^^^^
  File "/usr/lib/python3.11/subprocess.py", line 466, in check_output
    return run(*popenargs, stdout=PIPE, timeout=timeout, check=True,
           ^^^^^^^^^^^^^^^^^^^^^^^^^^^^^^^^^^^^^^^^^^^^^^^^^^^^^^^^^
  File "/usr/lib/python3.11/subprocess.py", line 571, in run
    raise CalledProcessError(retcode, process.args,
subprocess.CalledProcessError: Command '['wg', 'show', 'wg0', 'public-key']' returned non-zero exit status 1.
2025-03-10 09:44:19,688 - vpnmon.wireguard - ERROR - Error getting server endpoint
Traceback (most recent call last):
  File "/opt/vpn-monitor/vpnmon/wireguard.py", line 154, in get_server_endpoint
    output = subprocess.check_output(["wg", "show", self.interface], text=True)
             ^^^^^^^^^^^^^^^^^^^^^^^^^^^^^^^^^^^^^^^^^^^^^^^^^^^^^^^^^^^^^^^^^^
  File "/usr/lib/python3.11/subprocess.py", line 466, in check_output
    return run(*popenargs, stdout=PIPE, timeout=timeout, check=True,
           ^^^^^^^^^^^^^^^^^^^^^^^^^^^^^^^^^^^^^^^^^^^^^^^^^^^^^^^^^
  File "/usr/lib/python3.11/subprocess.py", line 571, in run
    raise CalledProcessError(retcode, process.args,
subprocess.CalledProcessError: Command '['wg', 'show', 'wg0']' returned non-zero exit status 1.
2025-03-10 09:49:00,306 - vpnmon.core - INFO - Starting sync between WireGuard interface and database
2025-03-10 09:49:00,379 - vpnmon.core - INFO - Sync completed. Found 0 peers missing in DB, 0 peers missing in WireGuard
2025-03-10 09:50:12,528 - vpnmon.database - INFO - Updating existing peer: WW6JmvuKrVjRlznUooa38CGhHIXXQ1FwcGthA8bg+jI=
2025-03-10 09:50:32,183 - vpnmon.core - INFO - Found 1 peers for email delete
2025-03-10 09:50:32,188 - vpnmon.core - INFO - Attempting to remove peer WW6JmvuKrVjRlznUooa38CGhHIXXQ1FwcGthA8bg+jI=
2025-03-10 09:50:32,191 - vpnmon.wireguard - INFO - Attempting to remove a WireGuard peer: WW6JmvuKrVjRlznUooa38CGhHIXXQ1FwcGthA8bg+jI=
2025-03-10 09:50:32,216 - vpnmon.wireguard - INFO - Peer removed from a wg0 interface successfully
2025-03-10 09:50:32,236 - vpnmon.wireguard - INFO - Config found
2025-03-10 09:50:32,237 - vpnmon.wireguard - INFO - Attempt on backup creation
2025-03-10 09:50:32,256 - vpnmon.wireguard - INFO - wg0 backup created successfully
2025-03-10 09:50:32,257 - vpnmon.wireguard - INFO - Parsing .conf for a peer
2025-03-10 09:50:32,276 - vpnmon.wireguard - INFO - Writing modified configuration to /etc/wireguard/wg0.conf
2025-03-10 09:50:32,293 - vpnmon.wireguard - INFO - Successfully removed peer from /etc/wireguard/wg0.conf
2025-03-10 09:50:32,293 - vpnmon.wireguard - INFO - Successfully removed peer WW6JmvuKrVjRlznUooa38CGhHIXXQ1FwcGthA8bg+jI=
2025-03-10 09:50:32,294 - vpnmon.database - INFO - Beginning transaction for deletion of WW6JmvuKrVjRlznUooa38CGhHIXXQ1FwcGthA8bg+jI= from the database
2025-03-10 09:50:32,296 - vpnmon.database - INFO - Successfully removed the entry from the database
2025-03-10 09:50:32,297 - vpnmon.core - INFO - Deleted 1 of 1 peers for delete
2025-03-11 07:50:59,629 - vpnmon.wireguard - INFO - Finding next available IP from /etc/wireguard/wg0.conf
2025-03-11 07:51:06,141 - vpnmon.wireguard - INFO - Found available IP: 10.0.0.3/32
2025-03-11 07:51:06,145 - vpnmon.wireguard - INFO - Attempting to set WireGuard peer: sg/ZA0uGneodZcPFpOpi/Y5kqKqx6i8zcttFAVjHDUM= with allowed IPs: 10.0.0.3/32
2025-03-11 07:51:06,173 - vpnmon.wireguard - INFO - Attempting to update config file: /etc/wireguard/wg0.conf
2025-03-11 07:51:06,189 - vpnmon.wireguard - INFO - Peer added successfully
2025-03-11 07:51:06,198 - vpnmon.wireguard - ERROR - Error getting server public key
Traceback (most recent call last):
  File "/opt/vpn-monitor/vpnmon/wireguard.py", line 149, in get_server_public_key
    output = subprocess.check_output(["wg", "show", self.interface, "public-key"], text=True)
             ^^^^^^^^^^^^^^^^^^^^^^^^^^^^^^^^^^^^^^^^^^^^^^^^^^^^^^^^^^^^^^^^^^^^^^^^^^^^^^^^
  File "/usr/lib/python3.11/subprocess.py", line 466, in check_output
    return run(*popenargs, stdout=PIPE, timeout=timeout, check=True,
           ^^^^^^^^^^^^^^^^^^^^^^^^^^^^^^^^^^^^^^^^^^^^^^^^^^^^^^^^^
  File "/usr/lib/python3.11/subprocess.py", line 571, in run
    raise CalledProcessError(retcode, process.args,
subprocess.CalledProcessError: Command '['wg', 'show', 'wg0', 'public-key']' returned non-zero exit status 1.
2025-03-11 07:51:06,443 - vpnmon.wireguard - ERROR - Error getting server endpoint
Traceback (most recent call last):
  File "/opt/vpn-monitor/vpnmon/wireguard.py", line 164, in get_server_endpoint
    output = subprocess.check_output(["wg", "show", self.interface], text=True)
             ^^^^^^^^^^^^^^^^^^^^^^^^^^^^^^^^^^^^^^^^^^^^^^^^^^^^^^^^^^^^^^^^^^
  File "/usr/lib/python3.11/subprocess.py", line 466, in check_output
    return run(*popenargs, stdout=PIPE, timeout=timeout, check=True,
           ^^^^^^^^^^^^^^^^^^^^^^^^^^^^^^^^^^^^^^^^^^^^^^^^^^^^^^^^^
  File "/usr/lib/python3.11/subprocess.py", line 571, in run
    raise CalledProcessError(retcode, process.args,
subprocess.CalledProcessError: Command '['wg', 'show', 'wg0']' returned non-zero exit status 1.
2025-03-11 07:56:17,958 - vpnmon.core - INFO - Starting sync between WireGuard interface and database
2025-03-11 07:56:17,975 - vpnmon.core - INFO - Sync completed. Found 0 peers missing in DB, 0 peers missing in WireGuard
2025-03-11 08:03:39,596 - vpnmon.database - INFO - Updating existing peer: sg/ZA0uGneodZcPFpOpi/Y5kqKqx6i8zcttFAVjHDUM=
2025-03-11 08:04:01,306 - vpnmon.core - INFO - Found 1 peers for email delete
2025-03-11 08:04:01,314 - vpnmon.core - INFO - Attempting to remove peer sg/ZA0uGneodZcPFpOpi/Y5kqKqx6i8zcttFAVjHDUM=
2025-03-11 08:04:01,314 - vpnmon.wireguard - INFO - Attempting to remove a WireGuard peer: sg/ZA0uGneodZcPFpOpi/Y5kqKqx6i8zcttFAVjHDUM=
2025-03-11 08:04:01,345 - vpnmon.wireguard - INFO - Peer removed from a wg0 interface successfully
2025-03-11 08:04:01,366 - vpnmon.wireguard - INFO - Config found
2025-03-11 08:04:01,366 - vpnmon.wireguard - INFO - Attempt on backup creation
2025-03-11 08:04:01,387 - vpnmon.wireguard - INFO - wg0 backup created successfully
2025-03-11 08:04:01,388 - vpnmon.wireguard - INFO - Parsing .conf for a peer
2025-03-11 08:04:01,404 - vpnmon.wireguard - INFO - Writing modified configuration to /etc/wireguard/wg0.conf
2025-03-11 08:04:01,420 - vpnmon.wireguard - INFO - Successfully removed peer from /etc/wireguard/wg0.conf
2025-03-11 08:04:01,421 - vpnmon.wireguard - INFO - Successfully removed peer sg/ZA0uGneodZcPFpOpi/Y5kqKqx6i8zcttFAVjHDUM=
2025-03-11 08:04:01,421 - vpnmon.database - INFO - Beginning transaction for deletion of sg/ZA0uGneodZcPFpOpi/Y5kqKqx6i8zcttFAVjHDUM= from the database
2025-03-11 08:04:01,427 - vpnmon.database - INFO - Successfully removed the entry from the database
2025-03-11 08:04:01,427 - vpnmon.core - INFO - Deleted 1 of 1 peers for delete
2025-03-11 08:04:41,092 - vpnmon.wireguard - INFO - Finding next available IP from /etc/wireguard/wg0.conf
2025-03-11 08:04:41,113 - vpnmon.wireguard - INFO - Found available IP: 10.0.0.3/32
2025-03-11 08:04:41,113 - vpnmon.wireguard - INFO - Attempting to set WireGuard peer: Ea3gp5tusFMPTWeObmwEQbzJvUEYo0bGQ9tDRF70Y1g= with allowed IPs: 10.0.0.3/32
2025-03-11 08:04:41,127 - vpnmon.wireguard - INFO - Attempting to update config file: /etc/wireguard/wg0.conf
2025-03-11 08:04:41,142 - vpnmon.wireguard - INFO - Peer added successfully
2025-03-11 08:09:31,740 - vpnmon.wireguard - INFO - Finding next available IP from /etc/wireguard/wg0.conf
2025-03-11 08:09:31,762 - vpnmon.wireguard - INFO - Found available IP: 10.0.0.4/32
2025-03-11 08:09:31,763 - vpnmon.wireguard - INFO - Attempting to set WireGuard peer: BG8VvejRGeNlDrSBNVm5dpjbwsBJgJBg8I4t+DX2q3A= with allowed IPs: 10.0.0.4/32
2025-03-11 08:09:31,779 - vpnmon.wireguard - INFO - Attempting to update config file: /etc/wireguard/wg0.conf
2025-03-11 08:09:31,793 - vpnmon.wireguard - INFO - Peer added successfully
2025-03-11 08:10:46,581 - vpnmon.wireguard - INFO - Finding next available IP from /etc/wireguard/wg0.conf
2025-03-11 08:10:46,601 - vpnmon.wireguard - INFO - Found available IP: 10.0.0.6/32
2025-03-11 08:10:46,602 - vpnmon.wireguard - INFO - Attempting to set WireGuard peer: 6iM6iWdikqbQDyGLpl0JdCgAzpjxYyylvNSTEHd3ezw= with allowed IPs: 10.0.0.6/32
2025-03-11 08:10:46,619 - vpnmon.wireguard - INFO - Attempting to update config file: /etc/wireguard/wg0.conf
2025-03-11 08:10:46,635 - vpnmon.wireguard - INFO - Peer added successfully
2025-03-11 08:11:37,491 - vpnmon.wireguard - INFO - Finding next available IP from /etc/wireguard/wg0.conf
2025-03-11 08:11:37,509 - vpnmon.wireguard - INFO - Found available IP: 10.0.0.10/32
2025-03-11 08:11:37,509 - vpnmon.wireguard - INFO - Attempting to set WireGuard peer: tdls4TV+Ycy1bd9oPpIqswWynGeC3sC3hE4gCK55e30= with allowed IPs: 10.0.0.10/32
2025-03-11 08:11:37,523 - vpnmon.wireguard - INFO - Attempting to update config file: /etc/wireguard/wg0.conf
2025-03-11 08:11:37,539 - vpnmon.wireguard - INFO - Peer added successfully
2025-03-11 08:20:34,317 - vpnmon.database - INFO - Updating existing peer: Ea3gp5tusFMPTWeObmwEQbzJvUEYo0bGQ9tDRF70Y1g=
2025-03-11 08:20:57,218 - vpnmon.core - INFO - Found 4 peers for email delete@gmail.com
2025-03-11 08:20:57,220 - vpnmon.core - INFO - Attempting to remove peer Ea3gp5tusFMPTWeObmwEQbzJvUEYo0bGQ9tDRF70Y1g=
2025-03-11 08:20:57,220 - vpnmon.wireguard - INFO - Attempting to remove a WireGuard peer: Ea3gp5tusFMPTWeObmwEQbzJvUEYo0bGQ9tDRF70Y1g=
2025-03-11 08:20:57,241 - vpnmon.wireguard - INFO - Peer removed from a wg0 interface successfully
2025-03-11 08:20:57,269 - vpnmon.wireguard - INFO - Config found
2025-03-11 08:20:57,270 - vpnmon.wireguard - INFO - Attempt on backup creation
2025-03-11 08:20:57,289 - vpnmon.wireguard - INFO - wg0 backup created successfully
2025-03-11 08:20:57,289 - vpnmon.wireguard - INFO - Parsing .conf for a peer
2025-03-11 08:20:57,309 - vpnmon.wireguard - INFO - Writing modified configuration to /etc/wireguard/wg0.conf
2025-03-11 08:20:57,329 - vpnmon.wireguard - INFO - Successfully removed peer from /etc/wireguard/wg0.conf
2025-03-11 08:20:57,330 - vpnmon.wireguard - INFO - Successfully removed peer Ea3gp5tusFMPTWeObmwEQbzJvUEYo0bGQ9tDRF70Y1g=
2025-03-11 08:20:57,330 - vpnmon.database - INFO - Beginning transaction for deletion of Ea3gp5tusFMPTWeObmwEQbzJvUEYo0bGQ9tDRF70Y1g= from the database
2025-03-11 08:20:57,333 - vpnmon.database - INFO - Successfully removed the entry from the database
2025-03-11 08:20:57,334 - vpnmon.core - INFO - Attempting to remove peer BG8VvejRGeNlDrSBNVm5dpjbwsBJgJBg8I4t+DX2q3A=
2025-03-11 08:20:57,334 - vpnmon.wireguard - INFO - Attempting to remove a WireGuard peer: BG8VvejRGeNlDrSBNVm5dpjbwsBJgJBg8I4t+DX2q3A=
2025-03-11 08:20:57,353 - vpnmon.wireguard - INFO - Peer removed from a wg0 interface successfully
2025-03-11 08:20:57,370 - vpnmon.wireguard - INFO - Config found
2025-03-11 08:20:57,371 - vpnmon.wireguard - INFO - Attempt on backup creation
2025-03-11 08:20:57,399 - vpnmon.wireguard - INFO - wg0 backup created successfully
2025-03-11 08:20:57,400 - vpnmon.wireguard - INFO - Parsing .conf for a peer
2025-03-11 08:20:57,417 - vpnmon.wireguard - INFO - Writing modified configuration to /etc/wireguard/wg0.conf
2025-03-11 08:20:57,436 - vpnmon.wireguard - INFO - Successfully removed peer from /etc/wireguard/wg0.conf
2025-03-11 08:20:57,436 - vpnmon.wireguard - INFO - Successfully removed peer BG8VvejRGeNlDrSBNVm5dpjbwsBJgJBg8I4t+DX2q3A=
2025-03-11 08:20:57,437 - vpnmon.database - INFO - Beginning transaction for deletion of BG8VvejRGeNlDrSBNVm5dpjbwsBJgJBg8I4t+DX2q3A= from the database
2025-03-11 08:20:57,439 - vpnmon.database - INFO - Successfully removed the entry from the database
2025-03-11 08:20:57,439 - vpnmon.core - INFO - Attempting to remove peer 6iM6iWdikqbQDyGLpl0JdCgAzpjxYyylvNSTEHd3ezw=
2025-03-11 08:20:57,440 - vpnmon.wireguard - INFO - Attempting to remove a WireGuard peer: 6iM6iWdikqbQDyGLpl0JdCgAzpjxYyylvNSTEHd3ezw=
2025-03-11 08:20:57,454 - vpnmon.wireguard - INFO - Peer removed from a wg0 interface successfully
2025-03-11 08:20:57,469 - vpnmon.wireguard - INFO - Config found
2025-03-11 08:20:57,469 - vpnmon.wireguard - INFO - Attempt on backup creation
2025-03-11 08:20:57,487 - vpnmon.wireguard - INFO - wg0 backup created successfully
2025-03-11 08:20:57,487 - vpnmon.wireguard - INFO - Parsing .conf for a peer
2025-03-11 08:20:57,502 - vpnmon.wireguard - INFO - Writing modified configuration to /etc/wireguard/wg0.conf
2025-03-11 08:20:57,523 - vpnmon.wireguard - INFO - Successfully removed peer from /etc/wireguard/wg0.conf
2025-03-11 08:20:57,524 - vpnmon.wireguard - INFO - Successfully removed peer 6iM6iWdikqbQDyGLpl0JdCgAzpjxYyylvNSTEHd3ezw=
2025-03-11 08:20:57,524 - vpnmon.database - INFO - Beginning transaction for deletion of 6iM6iWdikqbQDyGLpl0JdCgAzpjxYyylvNSTEHd3ezw= from the database
2025-03-11 08:20:57,527 - vpnmon.database - INFO - Successfully removed the entry from the database
2025-03-11 08:20:57,528 - vpnmon.core - INFO - Attempting to remove peer tdls4TV+Ycy1bd9oPpIqswWynGeC3sC3hE4gCK55e30=
2025-03-11 08:20:57,528 - vpnmon.wireguard - INFO - Attempting to remove a WireGuard peer: tdls4TV+Ycy1bd9oPpIqswWynGeC3sC3hE4gCK55e30=
2025-03-11 08:20:57,543 - vpnmon.wireguard - INFO - Peer removed from a wg0 interface successfully
2025-03-11 08:20:57,559 - vpnmon.wireguard - INFO - Config found
2025-03-11 08:20:57,559 - vpnmon.wireguard - INFO - Attempt on backup creation
2025-03-11 08:20:57,577 - vpnmon.wireguard - INFO - wg0 backup created successfully
2025-03-11 08:20:57,578 - vpnmon.wireguard - INFO - Parsing .conf for a peer
2025-03-11 08:20:57,593 - vpnmon.wireguard - INFO - Writing modified configuration to /etc/wireguard/wg0.conf
2025-03-11 08:20:57,615 - vpnmon.wireguard - INFO - Successfully removed peer from /etc/wireguard/wg0.conf
2025-03-11 08:20:57,616 - vpnmon.wireguard - INFO - Successfully removed peer tdls4TV+Ycy1bd9oPpIqswWynGeC3sC3hE4gCK55e30=
2025-03-11 08:20:57,616 - vpnmon.database - INFO - Beginning transaction for deletion of tdls4TV+Ycy1bd9oPpIqswWynGeC3sC3hE4gCK55e30= from the database
2025-03-11 08:20:57,619 - vpnmon.database - INFO - Successfully removed the entry from the database
2025-03-11 08:20:57,619 - vpnmon.core - INFO - Deleted 4 of 4 peers for delete@gmail.com
2025-03-11 08:22:59,549 - vpnmon.wireguard - INFO - Finding next available IP from /etc/wireguard/wg0.conf
2025-03-11 08:22:59,575 - vpnmon.wireguard - INFO - Found available IP: 10.0.0.3/32
2025-03-11 08:22:59,576 - vpnmon.wireguard - INFO - Attempting to set WireGuard peer: O4TkiATg+FrRxWjHezh+2Me74nsMiUdwFrNOwuXEuAY= with allowed IPs: 10.0.0.3/32
2025-03-11 08:23:06,250 - vpnmon.wireguard - INFO - Attempting to update config file: /etc/wireguard/wg0.conf
2025-03-11 08:23:06,266 - vpnmon.wireguard - INFO - Peer added successfully
2025-03-11 08:30:53,169 - vpnmon.database - INFO - Updating existing peer: Wel0foxRd6+/6rqqfayZwSbFtsQK+aDHTmx4mS/CrQU=
2025-03-11 08:31:33,171 - vpnmon.database - INFO - Updating existing peer: Uk3sq+IKkoAVxRFcS0NVn7W1LjF0XSjeth7eWRCJa1E=
2025-03-11 08:49:33,256 - vpnmon.wireguard - INFO - Finding next available IP from /etc/wireguard/wg0.conf
2025-03-11 08:49:33,281 - vpnmon.wireguard - INFO - Found available IP: 10.0.0.4/32
2025-03-11 08:49:33,282 - vpnmon.wireguard - INFO - Attempting to set WireGuard peer: /obsYq+uXATzS+2eaceWYHoh5/m6O74uEC8LtjYSQCg= with allowed IPs: 10.0.0.4/32
2025-03-11 08:49:39,419 - vpnmon.wireguard - INFO - Attempting to update config file: /etc/wireguard/wg0.conf
2025-03-11 08:49:39,434 - vpnmon.wireguard - INFO - Peer added successfully
2025-03-11 08:49:56,949 - vpnmon.wireguard - INFO - Finding next available IP from /etc/wireguard/wg0.conf
2025-03-11 08:49:56,974 - vpnmon.wireguard - INFO - Found available IP: 10.0.0.6/32
2025-03-11 08:49:56,975 - vpnmon.wireguard - INFO - Attempting to set WireGuard peer: 3Jhd+Kk04nLvi6SZOmt7Bu8U4X12vIbWoTUaKoxCuC4= with allowed IPs: 10.0.0.6/32
2025-03-11 08:49:56,989 - vpnmon.wireguard - INFO - Attempting to update config file: /etc/wireguard/wg0.conf
2025-03-11 08:49:57,006 - vpnmon.wireguard - INFO - Peer added successfully
2025-03-23 13:15:37,404 - vpnmon.core - INFO - Found 2 peers for email xxater@gmail.com
2025-03-23 13:15:37,405 - vpnmon.core - INFO - Attempting to remove peer /obsYq+uXATzS+2eaceWYHoh5/m6O74uEC8LtjYSQCg=
2025-03-23 13:15:37,406 - vpnmon.wireguard - INFO - Attempting to remove a WireGuard peer: /obsYq+uXATzS+2eaceWYHoh5/m6O74uEC8LtjYSQCg=
2025-03-23 13:15:37,450 - vpnmon.wireguard - INFO - Peer removed from a wg0 interface successfully
2025-03-23 13:15:37,473 - vpnmon.wireguard - INFO - Config found
2025-03-23 13:15:37,474 - vpnmon.wireguard - INFO - Attempt on backup creation
2025-03-23 13:15:37,493 - vpnmon.wireguard - INFO - wg0 backup created successfully
2025-03-23 13:15:37,493 - vpnmon.wireguard - INFO - Parsing .conf for a peer
2025-03-23 13:15:37,509 - vpnmon.wireguard - INFO - Writing modified configuration to /etc/wireguard/wg0.conf
2025-03-23 13:15:37,528 - vpnmon.wireguard - INFO - Successfully removed peer from /etc/wireguard/wg0.conf
2025-03-23 13:15:37,529 - vpnmon.wireguard - INFO - Successfully removed peer /obsYq+uXATzS+2eaceWYHoh5/m6O74uEC8LtjYSQCg=
2025-03-23 13:15:37,529 - vpnmon.database - INFO - Beginning transaction for deletion of /obsYq+uXATzS+2eaceWYHoh5/m6O74uEC8LtjYSQCg= from the database
2025-03-23 13:15:37,532 - vpnmon.database - INFO - Successfully removed the entry from the database
2025-03-23 13:15:37,532 - vpnmon.core - INFO - Attempting to remove peer 3Jhd+Kk04nLvi6SZOmt7Bu8U4X12vIbWoTUaKoxCuC4=
2025-03-23 13:15:37,532 - vpnmon.wireguard - INFO - Attempting to remove a WireGuard peer: 3Jhd+Kk04nLvi6SZOmt7Bu8U4X12vIbWoTUaKoxCuC4=
2025-03-23 13:15:37,548 - vpnmon.wireguard - INFO - Peer removed from a wg0 interface successfully
2025-03-23 13:15:37,563 - vpnmon.wireguard - INFO - Config found
2025-03-23 13:15:37,564 - vpnmon.wireguard - INFO - Attempt on backup creation
2025-03-23 13:15:37,579 - vpnmon.wireguard - INFO - wg0 backup created successfully
2025-03-23 13:15:37,580 - vpnmon.wireguard - INFO - Parsing .conf for a peer
2025-03-23 13:15:37,595 - vpnmon.wireguard - INFO - Writing modified configuration to /etc/wireguard/wg0.conf
2025-03-23 13:15:37,616 - vpnmon.wireguard - INFO - Successfully removed peer from /etc/wireguard/wg0.conf
2025-03-23 13:15:37,617 - vpnmon.wireguard - INFO - Successfully removed peer 3Jhd+Kk04nLvi6SZOmt7Bu8U4X12vIbWoTUaKoxCuC4=
2025-03-23 13:15:37,617 - vpnmon.database - INFO - Beginning transaction for deletion of 3Jhd+Kk04nLvi6SZOmt7Bu8U4X12vIbWoTUaKoxCuC4= from the database
2025-03-23 13:15:37,627 - vpnmon.database - INFO - Successfully removed the entry from the database
2025-03-23 13:15:37,633 - vpnmon.core - INFO - Deleted 2 of 2 peers for xxater@gmail.com
